*** Starting uWSGI 2.0.19.1 (64bit) on [Thu Mar  4 20:31:49 2021] ***
compiled with version: Apple LLVM 12.0.0 (clang-1200.0.32.28) on 08 February 2021 09:27:36
os: Darwin-19.6.0 Darwin Kernel Version 19.6.0: Tue Jan 12 22:13:05 PST 2021; root:xnu-6153.141.16~1/RELEASE_X86_64
nodename: xiaoqinmac.local
machine: x86_64
clock source: unix
pcre jit disabled
detected number of CPU cores: 8
current working directory: /Volumes/public_data/src/TTsx/dailyfresh
writing pidfile to uwsgi2.pid
detected binary path: /Users/pili/.virtualenvs/django/bin/uwsgi
chdir() to /Volumes/public_data/src/TTsx/dailyfresh
your processes number limit is 2784
your memory page size is 4096 bytes
detected max file descriptor number: 10240
lock engine: OSX spinlocks
thunder lock: disabled (you can enable it with --thunder-lock)
uwsgi socket 0 bound to TCP address 127.0.0.1:8081 fd 3
Python version: 3.9.0 (v3.9.0:9cf6752276, Oct  5 2020, 11:29:23)  [Clang 6.0 (clang-600.0.57)]
PEP 405 virtualenv detected: /Users/pili/.virtualenvs/django
Set PythonHome to /Users/pili/.virtualenvs/django
Python main interpreter initialized at 0x7fb273f06360
python threads support enabled
your server socket listen backlog is limited to 100 connections
your mercy for graceful operations on workers is 60 seconds
mapped 416640 bytes (406 KB) for 8 cores
*** Operational MODE: preforking+threaded ***
WSGI app 0 (mountpoint='') ready in 0 seconds on interpreter 0x7fb273f06360 pid: 4636 (default app)
*** uWSGI is running in multiple interpreter mode ***
spawned uWSGI master process (pid: 4636)
spawned uWSGI worker 1 (pid: 4654, cores: 2)
spawned uWSGI worker 2 (pid: 4655, cores: 2)
spawned uWSGI worker 3 (pid: 4656, cores: 2)
spawned uWSGI worker 4 (pid: 4657, cores: 2)
[pid: 4657|app: 0|req: 1/1] 10.0.0.96 () {42 vars in 750 bytes} [Thu Mar  4 20:36:33 2021] GET /js/slideshow.js => generated 179 bytes in 240 msecs (HTTP/1.1 404) 5 headers in 158 bytes (1 switches on core 0)
[pid: 4657|app: 0|req: 2/2] 10.0.0.96 () {44 vars in 911 bytes} [Thu Mar  4 20:36:50 2021] GET /detail/1/ => generated 10069 bytes in 306 msecs (HTTP/1.1 200) 7 headers in 350 bytes (1 switches on core 1)
[pid: 4657|app: 0|req: 3/3] 10.0.0.96 () {44 vars in 914 bytes} [Thu Mar  4 20:37:03 2021] GET /detail/6/ => generated 9761 bytes in 73 msecs (HTTP/1.1 200) 7 headers in 349 bytes (2 switches on core 0)
[pid: 4657|app: 0|req: 4/4] 10.0.0.96 () {44 vars in 914 bytes} [Thu Mar  4 20:37:05 2021] GET /detail/5/ => generated 9761 bytes in 67 msecs (HTTP/1.1 200) 7 headers in 349 bytes (1 switches on core 1)
[pid: 4656|app: 0|req: 1/5] 10.0.0.96 () {44 vars in 914 bytes} [Thu Mar  4 20:37:07 2021] GET /detail/5/ => generated 9761 bytes in 279 msecs (HTTP/1.1 200) 7 headers in 349 bytes (1 switches on core 1)
SIGINT/SIGQUIT received...killing workers...
worker 4 buried after 1 seconds
worker 3 buried after 1 seconds
worker 2 buried after 1 seconds
worker 1 buried after 1 seconds
goodbye to uWSGI.
